<?xml version="1.0" encoding="UTF-8"?>
<!-- Generated by org.testng.reporters.JUnitXMLReporter -->
<testsuite ignored="1" hostname="DESKTOP-8P6SHCQ" failures="0" tests="2" name="Default test" time="0.114" errors="0" timestamp="2023-12-04T12:00:54 IST">
  <testcase classname="testNGAnnotations_Flags.Flag5" name="LoginMethod" time="0.016"/>
  <testcase classname="testNGAnnotations_Flags.Flag5" name="createUser" time="0.005"/>
  <testcase classname="testNGAnnotations_Flags.Flag5" name="logoutMethod" time="0.0">
    <ignored/>
  </testcase> <!-- logoutMethod -->
</testsuite> <!-- Default test -->
