<?xml version="1.0" encoding="UTF-8"?>
<testng-results ignored="0" total="1" passed="1" failed="0" skipped="0">
  <reporter-output>
    <line>
      <![CDATA[launch the browser]]>
    </line>
    <line>
      <![CDATA[launch the application by using URL]]>
    </line>
  </reporter-output>
  <suite started-at="2023-12-05T12:33:25 IST" name="Default suite" finished-at="2023-12-05T12:33:25 IST" duration-ms="99">
    <groups>
    </groups>
    <test started-at="2023-12-05T12:33:25 IST" name="Default test" finished-at="2023-12-05T12:33:25 IST" duration-ms="99">
      <class name="testNGAssertions.AssrtMethod">
        <test-method signature="assertMethod()[pri:0, instance:testNGAssertions.AssrtMethod@66f57048]" started-at="2023-12-05T12:33:25 IST" name="assertMethod" finished-at="2023-12-05T12:33:25 IST" duration-ms="18" status="PASS">
          <reporter-output>
            <line>
              <![CDATA[launch the browser]]>
            </line>
            <line>
              <![CDATA[launch the application by using URL]]>
            </line>
          </reporter-output>
        </test-method> <!-- assertMethod -->
      </class> <!-- testNGAssertions.AssrtMethod -->
    </test> <!-- Default test -->
  </suite> <!-- Default suite -->
</testng-results>
